<?xml version="1.0" encoding="UTF-8"?>
<testsuite name="com.ApplicationTests" time="4.874" tests="4" errors="0" skipped="0" failures="0">
  <properties>
[...]
</properties>
  <testcase name="getUserInfoS" classname="com.ApplicationTests" time="3.857"/>
  <testcase name="getUserInfoList" classname="com.ApplicationTests" time="0.978"/>
  <testcase name="contextLoads" classname="com.ApplicationTests" time="0.001"/>
  <testcase name="getUserInfo" classname="com.ApplicationTests" time="0.038"/>
</testsuite>